<?xml version="1.0" encoding="UTF-8"?>
<!-- Generated by org.testng.reporters.JUnitReportReporter -->
<testsuite hostname="DESKTOP-LIARH9O" name="fb_parametertestng.NewTest" tests="2" failures="0" timestamp="19 Jun 2020 06:05:55 GMT" time="0.010" errors="0">
  <testcase name="testcase3" time="0.008" classname="fb_parametertestng.NewTest"/>
  <testcase name="testcase4" time="0.002" classname="fb_parametertestng.NewTest"/>
</testsuite> <!-- fb_parametertestng.NewTest -->
